[0606/134700.539:WARNING:dns_config_service_win.cc(668)] Failed to read DnsConfig.
[0606/134705.555:WARNING:dns_config_service_win.cc(668)] Failed to read DnsConfig.
[0606/134710.571:WARNING:dns_config_service_win.cc(668)] Failed to read DnsConfig.
[0606/134715.584:WARNING:dns_config_service_win.cc(668)] Failed to read DnsConfig.
[0606/134720.590:WARNING:dns_config_service_win.cc(668)] Failed to read DnsConfig.
[0606/134725.604:WARNING:dns_config_service_win.cc(668)] Failed to read DnsConfig.
[0606/134730.621:WARNING:dns_config_service_win.cc(668)] Failed to read DnsConfig.
[0606/134735.637:WARNING:dns_config_service_win.cc(668)] Failed to read DnsConfig.
[0606/134740.645:WARNING:dns_config_service_win.cc(668)] Failed to read DnsConfig.
[0606/134745.655:WARNING:dns_config_service_win.cc(668)] Failed to read DnsConfig.
[0606/134750.670:WARNING:dns_config_service_win.cc(668)] Failed to read DnsConfig.
[0606/134755.683:WARNING:dns_config_service_win.cc(668)] Failed to read DnsConfig.
[0606/134800.686:WARNING:dns_config_service_win.cc(668)] Failed to read DnsConfig.
[0606/134805.701:WARNING:dns_config_service_win.cc(668)] Failed to read DnsConfig.
[0606/134810.707:WARNING:dns_config_service_win.cc(668)] Failed to read DnsConfig.
[0606/134815.721:WARNING:dns_config_service_win.cc(668)] Failed to read DnsConfig.
[0606/134820.735:WARNING:dns_config_service_win.cc(668)] Failed to read DnsConfig.
[0606/134825.750:WARNING:dns_config_service_win.cc(668)] Failed to read DnsConfig.
[0606/134830.801:WARNING:dns_config_service_win.cc(668)] Failed to read DnsConfig.
[0606/134835.808:WARNING:dns_config_service_win.cc(668)] Failed to read DnsConfig.
[0606/134840.814:WARNING:dns_config_service_win.cc(668)] Failed to read DnsConfig.
[0606/134845.828:WARNING:dns_config_service_win.cc(668)] Failed to read DnsConfig.
[0606/134850.837:WARNING:dns_config_service_win.cc(668)] Failed to read DnsConfig.
[0606/134855.845:WARNING:dns_config_service_win.cc(668)] Failed to read DnsConfig.
[0606/134900.851:WARNING:dns_config_service_win.cc(668)] Failed to read DnsConfig.
[0606/134905.868:WARNING:dns_config_service_win.cc(668)] Failed to read DnsConfig.
[0606/134910.873:WARNING:dns_config_service_win.cc(668)] Failed to read DnsConfig.
[0606/134915.882:WARNING:dns_config_service_win.cc(668)] Failed to read DnsConfig.
[0606/134920.897:WARNING:dns_config_service_win.cc(668)] Failed to read DnsConfig.
[0606/134925.945:WARNING:dns_config_service_win.cc(668)] Failed to read DnsConfig.
[0606/134930.977:WARNING:dns_config_service_win.cc(668)] Failed to read DnsConfig.
[0606/134935.986:WARNING:dns_config_service_win.cc(668)] Failed to read DnsConfig.
[0606/134941.005:WARNING:dns_config_service_win.cc(668)] Failed to read DnsConfig.
[0606/134946.016:WARNING:dns_config_service_win.cc(668)] Failed to read DnsConfig.
[0606/134951.022:WARNING:dns_config_service_win.cc(668)] Failed to read DnsConfig.
[0606/134956.031:WARNING:dns_config_service_win.cc(668)] Failed to read DnsConfig.
[0606/135001.049:WARNING:dns_config_service_win.cc(668)] Failed to read DnsConfig.
[0606/135006.064:WARNING:dns_config_service_win.cc(668)] Failed to read DnsConfig.
[0606/135011.080:WARNING:dns_config_service_win.cc(668)] Failed to read DnsConfig.
[0606/135016.101:WARNING:dns_config_service_win.cc(668)] Failed to read DnsConfig.
[0606/135021.113:WARNING:dns_config_service_win.cc(668)] Failed to read DnsConfig.
[0606/135026.132:WARNING:dns_config_service_win.cc(668)] Failed to read DnsConfig.
[0606/135031.154:WARNING:dns_config_service_win.cc(668)] Failed to read DnsConfig.
[0606/135036.170:WARNING:dns_config_service_win.cc(668)] Failed to read DnsConfig.
[0606/135041.189:WARNING:dns_config_service_win.cc(668)] Failed to read DnsConfig.
[0606/135046.231:WARNING:dns_config_service_win.cc(668)] Failed to read DnsConfig.
[0606/135051.250:WARNING:dns_config_service_win.cc(668)] Failed to read DnsConfig.
[0606/135056.266:WARNING:dns_config_service_win.cc(668)] Failed to read DnsConfig.
[0606/135101.283:WARNING:dns_config_service_win.cc(668)] Failed to read DnsConfig.
[0606/135106.287:WARNING:dns_config_service_win.cc(668)] Failed to read DnsConfig.
[0606/135111.292:WARNING:dns_config_service_win.cc(668)] Failed to read DnsConfig.
[0606/135116.307:WARNING:dns_config_service_win.cc(668)] Failed to read DnsConfig.
[0606/135121.319:WARNING:dns_config_service_win.cc(668)] Failed to read DnsConfig.
[0606/135126.323:WARNING:dns_config_service_win.cc(668)] Failed to read DnsConfig.
[0606/135131.337:WARNING:dns_config_service_win.cc(668)] Failed to read DnsConfig.
[0606/135136.352:WARNING:dns_config_service_win.cc(668)] Failed to read DnsConfig.
[0606/135141.453:WARNING:dns_config_service_win.cc(668)] Failed to read DnsConfig.
[0606/135146.469:WARNING:dns_config_service_win.cc(668)] Failed to read DnsConfig.
[0606/135151.485:WARNING:dns_config_service_win.cc(668)] Failed to read DnsConfig.
[0606/135156.485:WARNING:dns_config_service_win.cc(668)] Failed to read DnsConfig.
[0606/135201.510:WARNING:dns_config_service_win.cc(668)] Failed to read DnsConfig.
[0606/135206.555:WARNING:dns_config_service_win.cc(668)] Failed to read DnsConfig.
[0606/135211.568:WARNING:dns_config_service_win.cc(668)] Failed to read DnsConfig.
[0606/135216.582:WARNING:dns_config_service_win.cc(668)] Failed to read DnsConfig.
[0606/135221.601:WARNING:dns_config_service_win.cc(668)] Failed to read DnsConfig.
[0606/135226.610:WARNING:dns_config_service_win.cc(668)] Failed to read DnsConfig.
[0606/135231.619:WARNING:dns_config_service_win.cc(668)] Failed to read DnsConfig.
[0606/165346.178:WARNING:dns_config_service_win.cc(668)] Failed to read DnsConfig.
[0606/165351.210:WARNING:dns_config_service_win.cc(668)] Failed to read DnsConfig.
[0606/165356.226:WARNING:dns_config_service_win.cc(668)] Failed to read DnsConfig.
[0606/165401.241:WARNING:dns_config_service_win.cc(668)] Failed to read DnsConfig.
[0606/165406.257:WARNING:dns_config_service_win.cc(668)] Failed to read DnsConfig.
[0606/165411.277:WARNING:dns_config_service_win.cc(668)] Failed to read DnsConfig.
[0606/165416.284:WARNING:dns_config_service_win.cc(668)] Failed to read DnsConfig.
[0606/165421.303:WARNING:dns_config_service_win.cc(668)] Failed to read DnsConfig.
[0606/165426.312:WARNING:dns_config_service_win.cc(668)] Failed to read DnsConfig.
[0606/165431.329:WARNING:dns_config_service_win.cc(668)] Failed to read DnsConfig.
[0606/165436.338:WARNING:dns_config_service_win.cc(668)] Failed to read DnsConfig.
[0606/165441.343:WARNING:dns_config_service_win.cc(668)] Failed to read DnsConfig.
[0606/165446.359:WARNING:dns_config_service_win.cc(668)] Failed to read DnsConfig.
[0606/165451.375:WARNING:dns_config_service_win.cc(668)] Failed to read DnsConfig.
[0606/165456.391:WARNING:dns_config_service_win.cc(668)] Failed to read DnsConfig.
[0606/165501.407:WARNING:dns_config_service_win.cc(668)] Failed to read DnsConfig.
[0606/165506.412:WARNING:dns_config_service_win.cc(668)] Failed to read DnsConfig.
[0606/165511.429:WARNING:dns_config_service_win.cc(668)] Failed to read DnsConfig.
[0606/165516.438:WARNING:dns_config_service_win.cc(668)] Failed to read DnsConfig.
[0606/165521.450:WARNING:dns_config_service_win.cc(668)] Failed to read DnsConfig.
[0606/165526.456:WARNING:dns_config_service_win.cc(668)] Failed to read DnsConfig.
[0606/165531.471:WARNING:dns_config_service_win.cc(668)] Failed to read DnsConfig.
[0606/165536.481:WARNING:dns_config_service_win.cc(668)] Failed to read DnsConfig.
[0606/165541.502:WARNING:dns_config_service_win.cc(668)] Failed to read DnsConfig.
[0606/165547.536:WARNING:dns_config_service_win.cc(668)] Failed to read DnsConfig.
[0606/165552.547:WARNING:dns_config_service_win.cc(668)] Failed to read DnsConfig.
[0606/165557.558:WARNING:dns_config_service_win.cc(668)] Failed to read DnsConfig.
[0606/165602.574:WARNING:dns_config_service_win.cc(668)] Failed to read DnsConfig.
[0606/165607.592:WARNING:dns_config_service_win.cc(668)] Failed to read DnsConfig.
[0606/165612.608:WARNING:dns_config_service_win.cc(668)] Failed to read DnsConfig.
[0606/165617.612:WARNING:dns_config_service_win.cc(668)] Failed to read DnsConfig.
[0606/165622.630:WARNING:dns_config_service_win.cc(668)] Failed to read DnsConfig.
[0606/165627.643:WARNING:dns_config_service_win.cc(668)] Failed to read DnsConfig.
[0606/165632.650:WARNING:dns_config_service_win.cc(668)] Failed to read DnsConfig.
[0606/165637.663:WARNING:dns_config_service_win.cc(668)] Failed to read DnsConfig.
[0606/165642.679:WARNING:dns_config_service_win.cc(668)] Failed to read DnsConfig.
[0606/165647.699:WARNING:dns_config_service_win.cc(668)] Failed to read DnsConfig.
[0606/171208.653:WARNING:dns_config_service_win.cc(668)] Failed to read DnsConfig.
[0606/171234.480:WARNING:dns_config_service_win.cc(668)] Failed to read DnsConfig.
[0606/171239.486:WARNING:dns_config_service_win.cc(668)] Failed to read DnsConfig.
[0606/171244.502:WARNING:dns_config_service_win.cc(668)] Failed to read DnsConfig.
[0606/171249.512:WARNING:dns_config_service_win.cc(668)] Failed to read DnsConfig.
[0606/171254.529:WARNING:dns_config_service_win.cc(668)] Failed to read DnsConfig.
[0606/171259.549:WARNING:dns_config_service_win.cc(668)] Failed to read DnsConfig.
[0606/171304.556:WARNING:dns_config_service_win.cc(668)] Failed to read DnsConfig.
[0606/171309.575:WARNING:dns_config_service_win.cc(668)] Failed to read DnsConfig.
[0606/171314.583:WARNING:dns_config_service_win.cc(668)] Failed to read DnsConfig.
[0606/171319.597:WARNING:dns_config_service_win.cc(668)] Failed to read DnsConfig.
[0606/171324.613:WARNING:dns_config_service_win.cc(668)] Failed to read DnsConfig.
[0606/171329.623:WARNING:dns_config_service_win.cc(668)] Failed to read DnsConfig.
[0606/171334.634:WARNING:dns_config_service_win.cc(668)] Failed to read DnsConfig.
[0606/171339.645:WARNING:dns_config_service_win.cc(668)] Failed to read DnsConfig.
[0606/171344.655:WARNING:dns_config_service_win.cc(668)] Failed to read DnsConfig.
[0606/171349.665:WARNING:dns_config_service_win.cc(668)] Failed to read DnsConfig.
[0606/171354.686:WARNING:dns_config_service_win.cc(668)] Failed to read DnsConfig.
[0606/171359.697:WARNING:dns_config_service_win.cc(668)] Failed to read DnsConfig.
[0606/171404.744:WARNING:dns_config_service_win.cc(668)] Failed to read DnsConfig.
[0606/171409.751:WARNING:dns_config_service_win.cc(668)] Failed to read DnsConfig.
[0606/171414.769:WARNING:dns_config_service_win.cc(668)] Failed to read DnsConfig.
[0606/171419.778:WARNING:dns_config_service_win.cc(668)] Failed to read DnsConfig.
[0606/171424.796:WARNING:dns_config_service_win.cc(668)] Failed to read DnsConfig.
[0606/171429.815:WARNING:dns_config_service_win.cc(668)] Failed to read DnsConfig.
[0606/171434.824:WARNING:dns_config_service_win.cc(668)] Failed to read DnsConfig.
[0606/171439.835:WARNING:dns_config_service_win.cc(668)] Failed to read DnsConfig.
[0606/171444.853:WARNING:dns_config_service_win.cc(668)] Failed to read DnsConfig.
[0606/171449.870:WARNING:dns_config_service_win.cc(668)] Failed to read DnsConfig.
[0606/171454.885:WARNING:dns_config_service_win.cc(668)] Failed to read DnsConfig.
[0606/171459.902:WARNING:dns_config_service_win.cc(668)] Failed to read DnsConfig.
[0606/171504.908:WARNING:dns_config_service_win.cc(668)] Failed to read DnsConfig.
[0606/171509.920:WARNING:dns_config_service_win.cc(668)] Failed to read DnsConfig.
[0606/171514.936:WARNING:dns_config_service_win.cc(668)] Failed to read DnsConfig.
[0606/171519.942:WARNING:dns_config_service_win.cc(668)] Failed to read DnsConfig.
[0606/171524.951:WARNING:dns_config_service_win.cc(668)] Failed to read DnsConfig.
[0606/171529.971:WARNING:dns_config_service_win.cc(668)] Failed to read DnsConfig.
[0606/171534.991:WARNING:dns_config_service_win.cc(668)] Failed to read DnsConfig.
[0606/180617.702:WARNING:ipc_message_attachment_set.cc(49)] MessageAttachmentSet destroyed with unconsumed attachments: 0/1
[0606/180617.796:ERROR:browser_gpu_channel_host_factory.cc(139)] Failed to launch GPU process.
[0608/144007.864:INFO:CONSOLE(1)] "Long rAF frame-time", source: file:///C:/Program%20Files/Adobe/Adobe%20Photoshop%202020/Required/www-rich-tooltips/build/external.js (1)
[0608/172646.452:ERROR:media_internals.cc(112)] Cannot get RenderProcessHost
